<?xml version="1.0" encoding="UTF-8"?>
<!-- Generated by org.testng.reporters.JUnitReportReporter -->
<testsuite hostname="LAPTOP-BGTFKA09" failures="0" tests="1" name="seleniumBasics.TestNGAnotation" time="0.027" errors="0" timestamp="2025-09-23T20:57:28 IST" skipped="0">
  <testcase classname="seleniumBasics.TestNGAnotation" name="sampleTest" time="0.027"/>
</testsuite> <!-- seleniumBasics.TestNGAnotation -->
