<?xml version="1.0" encoding="UTF-8"?>
<!-- Generated by org.testng.reporters.JUnitReportReporter -->
<testsuite hostname="LAPTOP-BGTFKA09" failures="0" tests="1" name="testScripts.LoginTest" time="2.190" errors="0" timestamp="2025-09-25T20:50:16 IST" skipped="0">
  <testcase classname="testScripts.LoginTest" name="verifyWheatherUserIsAbleToLoginWithInValidCredentials" time="2.190"/>
</testsuite> <!-- testScripts.LoginTest -->
