<?xml version="1.0" encoding="UTF-8"?>
<!-- Generated by org.testng.reporters.JUnitReportReporter -->
<testsuite hostname="LAPTOP-BGTFKA09" failures="0" tests="1" name="testScripts.LoginTest" time="2.542" errors="0" timestamp="2025-09-26T19:03:51 IST" skipped="0">
  <testcase classname="testScripts.LoginTest" name="verifyLoginWithInValidCredentials" time="2.542"/>
</testsuite> <!-- testScripts.LoginTest -->
